Traceback (most recent call last):
  File "/Users/scsaalt/miniconda3/lib/python3.12/site-packages/jupyter_cache/executors/utils.py", line 58, in single_nb_execution
    executenb(
  File "/Users/scsaalt/miniconda3/lib/python3.12/site-packages/nbclient/client.py", line 1314, in execute
    return NotebookClient(nb=nb, resources=resources, km=km, **kwargs).execute()
           ^^^^^^^^^^^^^^^^^^^^^^^^^^^^^^^^^^^^^^^^^^^^^^^^^^^^^^^^^^^^^^^^^^^^^
  File "/Users/scsaalt/.local/lib/python3.12/site-packages/jupyter_core/utils/__init__.py", line 165, in wrapped
    return loop.run_until_complete(inner)
           ^^^^^^^^^^^^^^^^^^^^^^^^^^^^^^
  File "/Users/scsaalt/miniconda3/lib/python3.12/asyncio/base_events.py", line 687, in run_until_complete
    return future.result()
           ^^^^^^^^^^^^^^^
  File "/Users/scsaalt/miniconda3/lib/python3.12/site-packages/nbclient/client.py", line 709, in async_execute
    await self.async_execute_cell(
  File "/Users/scsaalt/miniconda3/lib/python3.12/site-packages/nbclient/client.py", line 1062, in async_execute_cell
    await self._check_raise_for_error(cell, cell_index, exec_reply)
  File "/Users/scsaalt/miniconda3/lib/python3.12/site-packages/nbclient/client.py", line 918, in _check_raise_for_error
    raise CellExecutionError.from_cell_and_msg(cell, exec_reply_content)
nbclient.exceptions.CellExecutionError: An error occurred while executing the following cell:
------------------
from matplotlib import rcParams, cycler
import matplotlib.pyplot as plt
import numpy as np
plt.ion()
------------------


[0;31m---------------------------------------------------------------------------[0m
[0;31mKeyboardInterrupt[0m                         Traceback (most recent call last)
Cell [0;32mIn[1], line 2[0m
[1;32m      1[0m [38;5;28;01mfrom[39;00m[38;5;250m [39m[38;5;21;01mmatplotlib[39;00m[38;5;250m [39m[38;5;28;01mimport[39;00m rcParams, cycler
[0;32m----> 2[0m [38;5;28;01mimport[39;00m[38;5;250m [39m[38;5;21;01mmatplotlib[39;00m[38;5;21;01m.[39;00m[38;5;21;01mpyplot[39;00m[38;5;250m [39m[38;5;28;01mas[39;00m[38;5;250m [39m[38;5;21;01mplt[39;00m
[1;32m      3[0m [38;5;28;01mimport[39;00m[38;5;250m [39m[38;5;21;01mnumpy[39;00m[38;5;250m [39m[38;5;28;01mas[39;00m[38;5;250m [39m[38;5;21;01mnp[39;00m
[1;32m      4[0m plt[38;5;241m.[39mion()

File [0;32m~/miniconda3/lib/python3.12/site-packages/matplotlib/pyplot.py:66[0m
[1;32m     63[0m [38;5;28;01mfrom[39;00m[38;5;250m [39m[38;5;21;01mmatplotlib[39;00m[38;5;250m [39m[38;5;28;01mimport[39;00m _docstring
[1;32m     64[0m [38;5;28;01mfrom[39;00m[38;5;250m [39m[38;5;21;01mmatplotlib[39;00m[38;5;21;01m.[39;00m[38;5;21;01mbackend_bases[39;00m[38;5;250m [39m[38;5;28;01mimport[39;00m (
[1;32m     65[0m     FigureCanvasBase, FigureManagerBase, MouseButton)
[0;32m---> 66[0m [38;5;28;01mfrom[39;00m[38;5;250m [39m[38;5;21;01mmatplotlib[39;00m[38;5;21;01m.[39;00m[38;5;21;01mfigure[39;00m[38;5;250m [39m[38;5;28;01mimport[39;00m Figure, FigureBase, figaspect
[1;32m     67[0m [38;5;28;01mfrom[39;00m[38;5;250m [39m[38;5;21;01mmatplotlib[39;00m[38;5;21;01m.[39;00m[38;5;21;01mgridspec[39;00m[38;5;250m [39m[38;5;28;01mimport[39;00m GridSpec, SubplotSpec
[1;32m     68[0m [38;5;28;01mfrom[39;00m[38;5;250m [39m[38;5;21;01mmatplotlib[39;00m[38;5;250m [39m[38;5;28;01mimport[39;00m rcsetup, rcParamsDefault, rcParamsOrig

File [0;32m~/miniconda3/lib/python3.12/site-packages/matplotlib/figure.py:40[0m
[1;32m     37[0m [38;5;28;01mimport[39;00m[38;5;250m [39m[38;5;21;01mnumpy[39;00m[38;5;250m [39m[38;5;28;01mas[39;00m[38;5;250m [39m[38;5;21;01mnp[39;00m
[1;32m     39[0m [38;5;28;01mimport[39;00m[38;5;250m [39m[38;5;21;01mmatplotlib[39;00m[38;5;250m [39m[38;5;28;01mas[39;00m[38;5;250m [39m[38;5;21;01mmpl[39;00m
[0;32m---> 40[0m [38;5;28;01mfrom[39;00m[38;5;250m [39m[38;5;21;01mmatplotlib[39;00m[38;5;250m [39m[38;5;28;01mimport[39;00m _blocking_input, backend_bases, _docstring, projections
[1;32m     41[0m [38;5;28;01mfrom[39;00m[38;5;250m [39m[38;5;21;01mmatplotlib[39;00m[38;5;21;01m.[39;00m[38;5;21;01martist[39;00m[38;5;250m [39m[38;5;28;01mimport[39;00m (
[1;32m     42[0m     Artist, allow_rasterization, _finalize_rasterization)
[1;32m     43[0m [38;5;28;01mfrom[39;00m[38;5;250m [39m[38;5;21;01mmatplotlib[39;00m[38;5;21;01m.[39;00m[38;5;21;01mbackend_bases[39;00m[38;5;250m [39m[38;5;28;01mimport[39;00m (
[1;32m     44[0m     DrawEvent, FigureCanvasBase, NonGuiException, MouseButton, _get_renderer)

File [0;32m~/miniconda3/lib/python3.12/site-packages/matplotlib/projections/__init__.py:55[0m
[1;32m      1[0m [38;5;124;03m"""[39;00m
[1;32m      2[0m [38;5;124;03mNon-separable transforms that map from data space to screen space.[39;00m
[1;32m      3[0m 
[0;32m   (...)[0m
[1;32m     52[0m [38;5;124;03m`matplotlib.projections.polar` may also be of interest.[39;00m
[1;32m     53[0m [38;5;124;03m"""[39;00m
[0;32m---> 55[0m [38;5;28;01mfrom[39;00m[38;5;250m [39m[38;5;21;01m.[39;00m[38;5;21;01m.[39;00m[38;5;250m [39m[38;5;28;01mimport[39;00m axes, _docstring
[1;32m     56[0m [38;5;28;01mfrom[39;00m[38;5;250m [39m[38;5;21;01m.[39;00m[38;5;21;01mgeo[39;00m[38;5;250m [39m[38;5;28;01mimport[39;00m AitoffAxes, HammerAxes, LambertAxes, MollweideAxes
[1;32m     57[0m [38;5;28;01mfrom[39;00m[38;5;250m [39m[38;5;21;01m.[39;00m[38;5;21;01mpolar[39;00m[38;5;250m [39m[38;5;28;01mimport[39;00m PolarAxes

File [0;32m~/miniconda3/lib/python3.12/site-packages/matplotlib/axes/__init__.py:1[0m
[0;32m----> 1[0m [38;5;28;01mfrom[39;00m[38;5;250m [39m[38;5;21;01m.[39;00m[38;5;250m [39m[38;5;28;01mimport[39;00m _base
[1;32m      2[0m [38;5;28;01mfrom[39;00m[38;5;250m [39m[38;5;21;01m.[39;00m[38;5;21;01m_axes[39;00m[38;5;250m [39m[38;5;28;01mimport[39;00m Axes  [38;5;66;03m# noqa: F401[39;00m
[1;32m      4[0m [38;5;66;03m# Backcompat.[39;00m

File [0;32m~/miniconda3/lib/python3.12/site-packages/matplotlib/axes/_base.py:27[0m
[1;32m     25[0m [38;5;28;01mfrom[39;00m[38;5;250m [39m[38;5;21;01mmatplotlib[39;00m[38;5;21;01m.[39;00m[38;5;21;01mrcsetup[39;00m[38;5;250m [39m[38;5;28;01mimport[39;00m cycler, validate_axisbelow
[1;32m     26[0m [38;5;28;01mimport[39;00m[38;5;250m [39m[38;5;21;01mmatplotlib[39;00m[38;5;21;01m.[39;00m[38;5;21;01mspines[39;00m[38;5;250m [39m[38;5;28;01mas[39;00m[38;5;250m [39m[38;5;21;01mmspines[39;00m
[0;32m---> 27[0m [38;5;28;01mimport[39;00m[38;5;250m [39m[38;5;21;01mmatplotlib[39;00m[38;5;21;01m.[39;00m[38;5;21;01mtable[39;00m[38;5;250m [39m[38;5;28;01mas[39;00m[38;5;250m [39m[38;5;21;01mmtable[39;00m
[1;32m     28[0m [38;5;28;01mimport[39;00m[38;5;250m [39m[38;5;21;01mmatplotlib[39;00m[38;5;21;01m.[39;00m[38;5;21;01mtext[39;00m[38;5;250m [39m[38;5;28;01mas[39;00m[38;5;250m [39m[38;5;21;01mmtext[39;00m
[1;32m     29[0m [38;5;28;01mimport[39;00m[38;5;250m [39m[38;5;21;01mmatplotlib[39;00m[38;5;21;01m.[39;00m[38;5;21;01mticker[39;00m[38;5;250m [39m[38;5;28;01mas[39;00m[38;5;250m [39m[38;5;21;01mmticker[39;00m

File [0;32m<frozen importlib._bootstrap>:1360[0m, in [0;36m_find_and_load[0;34m(name, import_)[0m

File [0;32m<frozen importlib._bootstrap>:1331[0m, in [0;36m_find_and_load_unlocked[0;34m(name, import_)[0m

File [0;32m<frozen importlib._bootstrap>:935[0m, in [0;36m_load_unlocked[0;34m(spec)[0m

File [0;32m<frozen importlib._bootstrap_external>:991[0m, in [0;36mexec_module[0;34m(self, module)[0m

File [0;32m<frozen importlib._bootstrap_external>:1124[0m, in [0;36mget_code[0;34m(self, fullname)[0m

File [0;32m<frozen importlib._bootstrap_external>:753[0m, in [0;36m_compile_bytecode[0;34m(data, name, bytecode_path, source_path)[0m

[0;31mKeyboardInterrupt[0m: 

